<?xml version="1.0" encoding="UTF-8"?>
<testsuite xmlns:xsi="http://www.w3.org/2001/XMLSchema-instance" xsi:noNamespaceSchemaLocation="https://maven.apache.org/surefire/maven-surefire-plugin/xsd/surefire-test-report-3.0.xsd" version="3.0" name="net.fernandosalas.membership.kafka.PurchasePointsKafkaListenerTest" time="2.419" tests="3" errors="0" skipped="0" failures="0">
  <properties>
[...]
</properties>
  <testcase name="onPurchasePoints_callsMembershipService" classname="net.fernandosalas.membership.kafka.PurchasePointsKafkaListenerTest" time="2.345">
    <system-out><![CDATA[20:02:35.308 [main] INFO net.fernandosalas.membership.kafka.PurchasePointsKafkaListener -- Consuming purchase points message: userId=42, totalCost=12.50
]]></system-out>
  </testcase>
  <testcase name="onPurchasePoints_ignoresNullUserId" classname="net.fernandosalas.membership.kafka.PurchasePointsKafkaListenerTest" time="0.006">
    <system-out><![CDATA[20:02:35.496 [main] WARN net.fernandosalas.membership.kafka.PurchasePointsKafkaListener -- Ignoring empty purchase points message
]]></system-out>
  </testcase>
  <testcase name="onPurchasePoints_skipsZeroTotalCost" classname="net.fernandosalas.membership.kafka.PurchasePointsKafkaListenerTest" time="0.005">
    <system-out><![CDATA[20:02:35.505 [main] INFO net.fernandosalas.membership.kafka.PurchasePointsKafkaListener -- Consuming purchase points message: userId=42, totalCost=0
20:02:35.506 [main] WARN net.fernandosalas.membership.kafka.PurchasePointsKafkaListener -- Skipping purchase points: userId=42, totalCost=0 (must be > 0)
]]></system-out>
  </testcase>
</testsuite>